[  0%] Built target actionlib_msgs_generate_messages_lisp
[  8%] [34m[1mGenerating dynamic reconfigure files from cfg/ArucoThreshold.cfg: /home/pge/tiago_pge/devel/.private/aruco_ros/include/aruco_ros/ArucoThresholdConfig.h /home/pge/tiago_pge/devel/.private/aruco_ros/lib/python2.7/dist-packages/aruco_ros/cfg/ArucoThresholdConfig.py[0m
[  8%] Built target visualization_msgs_generate_messages_nodejs
[ 25%] Built target aruco_ros_utils
[ 25%] Built target visualization_msgs_generate_messages_lisp
[ 25%] Built target visualization_msgs_generate_messages_cpp
[ 25%] Built target aruco_msgs_generate_messages_nodejs
[ 25%] Built target aruco_msgs_generate_messages_py
Generating reconfiguration files for ArucoThreshold in aruco_ros
[ 25%] Built target aruco_msgs_generate_messages_lisp
Wrote header file in /home/pge/tiago_pge/devel/.private/aruco_ros/include/aruco_ros/ArucoThresholdConfig.h
[ 25%] Built target tf2_msgs_generate_messages_lisp
[ 25%] Built target aruco_msgs_generate_messages_eus
[ 25%] Built target tf2_msgs_generate_messages_nodejs
[ 25%] Built target aruco_ros_gencfg
[ 25%] Built target tf2_msgs_generate_messages_eus
[ 25%] Built target actionlib_msgs_generate_messages_py
[ 25%] Built target tf2_msgs_generate_messages_cpp
[ 25%] Built target actionlib_msgs_generate_messages_nodejs
[ 25%] Built target tf2_msgs_generate_messages_py
[ 25%] Built target dynamic_reconfigure_generate_messages_py
[ 25%] Built target visualization_msgs_generate_messages_py
[ 25%] Built target actionlib_generate_messages_eus
[ 25%] Built target visualization_msgs_generate_messages_eus
[ 25%] Built target std_msgs_generate_messages_py
[ 25%] Built target dynamic_reconfigure_generate_messages_nodejs
[ 25%] Built target dynamic_reconfigure_generate_messages_eus
[ 25%] Built target roscpp_generate_messages_eus
[ 25%] Built target std_msgs_generate_messages_eus
[ 25%] Built target dynamic_reconfigure_generate_messages_cpp
[ 25%] Built target dynamic_reconfigure_generate_messages_lisp
[ 25%] Built target roscpp_generate_messages_lisp
[ 25%] Built target geometry_msgs_generate_messages_nodejs
[ 25%] Built target geometry_msgs_generate_messages_cpp
[ 25%] Built target sensor_msgs_generate_messages_nodejs
[ 25%] Built target geometry_msgs_generate_messages_py
[ 25%] Built target std_msgs_generate_messages_nodejs
[ 25%] Built target sensor_msgs_generate_messages_cpp
[ 25%] Built target tf_generate_messages_cpp
[ 25%] Built target roscpp_generate_messages_cpp
[ 25%] Built target geometry_msgs_generate_messages_eus
[ 25%] Built target std_msgs_generate_messages_lisp
[ 25%] Built target sensor_msgs_generate_messages_lisp
[ 25%] Built target geometry_msgs_generate_messages_lisp
[ 25%] Built target rosgraph_msgs_generate_messages_cpp
[ 25%] Built target dynamic_reconfigure_gencfg
[ 25%] Built target roscpp_generate_messages_nodejs
[ 25%] Built target rosgraph_msgs_generate_messages_lisp
[ 25%] Built target rosgraph_msgs_generate_messages_py
[ 25%] Built target tf_generate_messages_lisp
[ 25%] Built target tf_generate_messages_eus
[ 25%] Built target rosgraph_msgs_generate_messages_nodejs
[ 25%] Built target rosgraph_msgs_generate_messages_eus
[ 25%] Built target roscpp_generate_messages_py
[ 25%] Built target tf_generate_messages_py
[ 25%] Built target tf_generate_messages_nodejs
[ 25%] Built target actionlib_generate_messages_cpp
[ 25%] Built target sensor_msgs_generate_messages_py
[ 25%] Built target actionlib_msgs_generate_messages_eus
[ 25%] Built target sensor_msgs_generate_messages_eus
[ 25%] Built target actionlib_generate_messages_lisp
[ 25%] Built target std_msgs_generate_messages_cpp
[ 25%] Built target actionlib_generate_messages_nodejs
[ 25%] Built target actionlib_msgs_generate_messages_cpp
[ 25%] Built target aruco_msgs_generate_messages_cpp
[ 25%] Built target actionlib_generate_messages_py
[35m[1mScanning dependencies of target single[0m
[ 50%] Built target marker_publisher
[35m[1mScanning dependencies of target double[0m
[ 58%] [32mBuilding CXX object CMakeFiles/single.dir/src/simple_single.cpp.o[0m
[ 66%] [32mBuilding CXX object CMakeFiles/double.dir/src/simple_double.cpp.o[0m
[ 75%] [32m[1mLinking CXX executable /home/pge/tiago_pge/devel/.private/aruco_ros/lib/aruco_ros/double[0m
[ 83%] [32m[1mLinking CXX executable /home/pge/tiago_pge/devel/.private/aruco_ros/lib/aruco_ros/single[0m
[ 91%] Built target double
[100%] Built target single
