[35m[1mScanning dependencies of target actionlib_msgs_generate_messages_eus[0m
[  0%] Built target actionlib_msgs_generate_messages_eus
[35m[1mScanning dependencies of target nodelet_generate_messages_nodejs[0m
[  0%] Built target nodelet_generate_messages_nodejs
[35m[1mScanning dependencies of target dynamic_reconfigure_gencfg[0m
[  0%] Built target dynamic_reconfigure_gencfg
[35m[1mScanning dependencies of target nodelet_generate_messages_py[0m
[  0%] Built target nodelet_generate_messages_py
[35m[1mScanning dependencies of target roscpp_generate_messages_cpp[0m
[  0%] Built target roscpp_generate_messages_cpp
[35m[1mScanning dependencies of target rosgraph_msgs_generate_messages_nodejs[0m
[  0%] Built target rosgraph_msgs_generate_messages_nodejs
[35m[1mScanning dependencies of target roscpp_generate_messages_py[0m
[  0%] Built target roscpp_generate_messages_py
[35m[1mScanning dependencies of target rosgraph_msgs_generate_messages_lisp[0m
[  0%] Built target rosgraph_msgs_generate_messages_lisp
[35m[1mScanning dependencies of target dynamic_reconfigure_generate_messages_cpp[0m
[  0%] Built target dynamic_reconfigure_generate_messages_cpp
[35m[1mScanning dependencies of target roscpp_generate_messages_eus[0m
[  0%] Built target roscpp_generate_messages_eus
[35m[1mScanning dependencies of target bond_generate_messages_eus[0m
[  0%] Built target bond_generate_messages_eus
[35m[1mScanning dependencies of target sensor_msgs_generate_messages_eus[0m
[  0%] Built target sensor_msgs_generate_messages_eus
[35m[1mScanning dependencies of target actionlib_generate_messages_nodejs[0m
[  0%] Built target actionlib_generate_messages_nodejs
[35m[1mScanning dependencies of target actionlib_msgs_generate_messages_cpp[0m
[  0%] Built target actionlib_msgs_generate_messages_cpp
[35m[1mScanning dependencies of target tf2_msgs_generate_messages_nodejs[0m
[  0%] Built target tf2_msgs_generate_messages_nodejs
[35m[1mScanning dependencies of target sensor_msgs_generate_messages_cpp[0m
[  0%] Built target sensor_msgs_generate_messages_cpp
[35m[1mScanning dependencies of target tiago_pcl_tutorial_gencfg[0m
[  4%] [34m[1mGenerating dynamic reconfigure files from cfg/region.cfg: /home/pge/tiago_pge/devel/.private/tiago_pcl_tutorial/include/tiago_pcl_tutorial/regionConfig.h /home/pge/tiago_pge/devel/.private/tiago_pcl_tutorial/lib/python2.7/dist-packages/tiago_pcl_tutorial/cfg/regionConfig.py[0m
Generating reconfiguration files for region in tiago_pcl_tutorial
Wrote header file in /home/pge/tiago_pge/devel/.private/tiago_pcl_tutorial/include/tiago_pcl_tutorial/regionConfig.h
[  9%] [34m[1mGenerating dynamic reconfigure files from cfg/segment.cfg: /home/pge/tiago_pge/devel/.private/tiago_pcl_tutorial/include/tiago_pcl_tutorial/segmentConfig.h /home/pge/tiago_pge/devel/.private/tiago_pcl_tutorial/lib/python2.7/dist-packages/tiago_pcl_tutorial/cfg/segmentConfig.py[0m
Generating reconfiguration files for segment in tiago_pcl_tutorial
Wrote header file in /home/pge/tiago_pge/devel/.private/tiago_pcl_tutorial/include/tiago_pcl_tutorial/segmentConfig.h
[  9%] Built target tiago_pcl_tutorial_gencfg
[35m[1mScanning dependencies of target pcl_msgs_generate_messages_nodejs[0m
[  9%] Built target pcl_msgs_generate_messages_nodejs
[35m[1mScanning dependencies of target std_srvs_generate_messages_nodejs[0m
[  9%] Built target std_srvs_generate_messages_nodejs
[35m[1mScanning dependencies of target std_srvs_generate_messages_eus[0m
[  9%] Built target std_srvs_generate_messages_eus
[35m[1mScanning dependencies of target tf_generate_messages_cpp[0m
[  9%] Built target tf_generate_messages_cpp
[35m[1mScanning dependencies of target std_msgs_generate_messages_nodejs[0m
[  9%] Built target std_msgs_generate_messages_nodejs
[35m[1mScanning dependencies of target bond_generate_messages_cpp[0m
[  9%] Built target bond_generate_messages_cpp
[35m[1mScanning dependencies of target pcl_msgs_generate_messages_eus[0m
[  9%] Built target pcl_msgs_generate_messages_eus
[35m[1mScanning dependencies of target rosgraph_msgs_generate_messages_cpp[0m
[  9%] Built target rosgraph_msgs_generate_messages_cpp
[35m[1mScanning dependencies of target dynamic_reconfigure_generate_messages_eus[0m
[  9%] Built target dynamic_reconfigure_generate_messages_eus
[35m[1mScanning dependencies of target bond_generate_messages_nodejs[0m
[  9%] Built target bond_generate_messages_nodejs
[35m[1mScanning dependencies of target pcl_msgs_generate_messages_py[0m
[  9%] Built target pcl_msgs_generate_messages_py
[35m[1mScanning dependencies of target roscpp_generate_messages_nodejs[0m
[  9%] Built target roscpp_generate_messages_nodejs
[35m[1mScanning dependencies of target sensor_msgs_generate_messages_py[0m
[  9%] Built target sensor_msgs_generate_messages_py
[35m[1mScanning dependencies of target rosgraph_msgs_generate_messages_py[0m
[  9%] Built target rosgraph_msgs_generate_messages_py
[35m[1mScanning dependencies of target std_msgs_generate_messages_py[0m
[  9%] Built target std_msgs_generate_messages_py
[35m[1mScanning dependencies of target _tiago_pcl_tutorial_generate_messages_check_deps_PlaneCoefficients[0m
[  9%] Built target _tiago_pcl_tutorial_generate_messages_check_deps_PlaneCoefficients
[35m[1mScanning dependencies of target actionlib_generate_messages_cpp[0m
[  9%] Built target actionlib_generate_messages_cpp
[35m[1mScanning dependencies of target geometry_msgs_generate_messages_cpp[0m
[  9%] Built target geometry_msgs_generate_messages_cpp
[35m[1mScanning dependencies of target pcl_msgs_generate_messages_lisp[0m
[  9%] Built target pcl_msgs_generate_messages_lisp
[35m[1mScanning dependencies of target geometry_msgs_generate_messages_nodejs[0m
[  9%] Built target geometry_msgs_generate_messages_nodejs
[35m[1mScanning dependencies of target geometry_msgs_generate_messages_eus[0m
[  9%] Built target geometry_msgs_generate_messages_eus
[35m[1mScanning dependencies of target dynamic_reconfigure_generate_messages_nodejs[0m
[  9%] Built target dynamic_reconfigure_generate_messages_nodejs
[35m[1mScanning dependencies of target rosgraph_msgs_generate_messages_eus[0m
[  9%] Built target rosgraph_msgs_generate_messages_eus
[35m[1mScanning dependencies of target nodelet_generate_messages_lisp[0m
[  9%] Built target nodelet_generate_messages_lisp
[35m[1mScanning dependencies of target std_msgs_generate_messages_lisp[0m
[  9%] Built target std_msgs_generate_messages_lisp
[35m[1mScanning dependencies of target geometry_msgs_generate_messages_py[0m
[  9%] Built target geometry_msgs_generate_messages_py
[35m[1mScanning dependencies of target geometry_msgs_generate_messages_lisp[0m
[  9%] Built target geometry_msgs_generate_messages_lisp
[35m[1mScanning dependencies of target bond_generate_messages_py[0m
[  9%] Built target bond_generate_messages_py
[35m[1mScanning dependencies of target std_srvs_generate_messages_lisp[0m
[  9%] Built target std_srvs_generate_messages_lisp
[35m[1mScanning dependencies of target dynamic_reconfigure_generate_messages_lisp[0m
[  9%] Built target dynamic_reconfigure_generate_messages_lisp
[35m[1mScanning dependencies of target roscpp_generate_messages_lisp[0m
[  9%] Built target roscpp_generate_messages_lisp
[35m[1mScanning dependencies of target tf_generate_messages_nodejs[0m
[  9%] Built target tf_generate_messages_nodejs
[35m[1mScanning dependencies of target std_srvs_generate_messages_py[0m
[  9%] Built target std_srvs_generate_messages_py
[35m[1mScanning dependencies of target nodelet_generate_messages_cpp[0m
[  9%] Built target nodelet_generate_messages_cpp
[35m[1mScanning dependencies of target pcl_ros_gencfg[0m
[  9%] Built target pcl_ros_gencfg
[35m[1mScanning dependencies of target tf2_msgs_generate_messages_eus[0m
[  9%] Built target tf2_msgs_generate_messages_eus
[35m[1mScanning dependencies of target bond_generate_messages_lisp[0m
[  9%] Built target bond_generate_messages_lisp
[35m[1mScanning dependencies of target nodelet_generate_messages_eus[0m
[  9%] Built target nodelet_generate_messages_eus
[35m[1mScanning dependencies of target topic_tools_generate_messages_cpp[0m
[  9%] Built target topic_tools_generate_messages_cpp
[35m[1mScanning dependencies of target topic_tools_generate_messages_eus[0m
[  9%] Built target topic_tools_generate_messages_eus
[35m[1mScanning dependencies of target nodelet_topic_tools_gencfg[0m
[  9%] Built target nodelet_topic_tools_gencfg
[35m[1mScanning dependencies of target pcl_msgs_generate_messages_cpp[0m
[  9%] Built target pcl_msgs_generate_messages_cpp
[35m[1mScanning dependencies of target std_srvs_generate_messages_cpp[0m
[  9%] Built target std_srvs_generate_messages_cpp
[35m[1mScanning dependencies of target topic_tools_generate_messages_lisp[0m
[  9%] Built target topic_tools_generate_messages_lisp
[35m[1mScanning dependencies of target sensor_msgs_generate_messages_lisp[0m
[  9%] Built target sensor_msgs_generate_messages_lisp
[35m[1mScanning dependencies of target topic_tools_generate_messages_nodejs[0m
[  9%] Built target topic_tools_generate_messages_nodejs
[35m[1mScanning dependencies of target topic_tools_generate_messages_py[0m
[  9%] Built target topic_tools_generate_messages_py
[35m[1mScanning dependencies of target actionlib_msgs_generate_messages_nodejs[0m
[  9%] Built target actionlib_msgs_generate_messages_nodejs
[35m[1mScanning dependencies of target std_msgs_generate_messages_cpp[0m
[  9%] Built target std_msgs_generate_messages_cpp
[35m[1mScanning dependencies of target tf2_msgs_generate_messages_py[0m
[  9%] Built target tf2_msgs_generate_messages_py
[35m[1mScanning dependencies of target tf_generate_messages_eus[0m
[  9%] Built target tf_generate_messages_eus
[35m[1mScanning dependencies of target tf_generate_messages_py[0m
[  9%] Built target tf_generate_messages_py
[35m[1mScanning dependencies of target tiago_pcl_tutorial_generate_messages_lisp[0m
[ 13%] [34m[1mGenerating Lisp code from tiago_pcl_tutorial/PlaneCoefficients.msg[0m
[ 13%] Built target tiago_pcl_tutorial_generate_messages_lisp
[35m[1mScanning dependencies of target std_msgs_generate_messages_eus[0m
[ 13%] Built target std_msgs_generate_messages_eus
[35m[1mScanning dependencies of target actionlib_generate_messages_eus[0m
[ 13%] Built target actionlib_generate_messages_eus
[35m[1mScanning dependencies of target actionlib_generate_messages_lisp[0m
[ 13%] Built target actionlib_generate_messages_lisp
[35m[1mScanning dependencies of target dynamic_reconfigure_generate_messages_py[0m
[ 13%] Built target dynamic_reconfigure_generate_messages_py
[35m[1mScanning dependencies of target actionlib_generate_messages_py[0m
[ 13%] Built target actionlib_generate_messages_py
[35m[1mScanning dependencies of target actionlib_msgs_generate_messages_lisp[0m
[ 13%] Built target actionlib_msgs_generate_messages_lisp
[35m[1mScanning dependencies of target actionlib_msgs_generate_messages_py[0m
[ 13%] Built target actionlib_msgs_generate_messages_py
[35m[1mScanning dependencies of target tf2_msgs_generate_messages_cpp[0m
[ 13%] Built target tf2_msgs_generate_messages_cpp
[35m[1mScanning dependencies of target tf2_msgs_generate_messages_lisp[0m
[ 13%] Built target tf2_msgs_generate_messages_lisp
[35m[1mScanning dependencies of target tf_generate_messages_lisp[0m
[ 13%] Built target tf_generate_messages_lisp
[35m[1mScanning dependencies of target sensor_msgs_generate_messages_nodejs[0m
[ 13%] Built target sensor_msgs_generate_messages_nodejs
[35m[1mScanning dependencies of target tiago_pcl_tutorial_generate_messages_eus[0m
[ 18%] [34m[1mGenerating EusLisp code from tiago_pcl_tutorial/PlaneCoefficients.msg[0m
[ 22%] [34m[1mGenerating EusLisp manifest code for tiago_pcl_tutorial[0m
[ 22%] Built target tiago_pcl_tutorial_generate_messages_eus
[35m[1mScanning dependencies of target tiago_pcl_tutorial_generate_messages_nodejs[0m
[ 27%] [34m[1mGenerating Javascript code from tiago_pcl_tutorial/PlaneCoefficients.msg[0m
[ 27%] Built target tiago_pcl_tutorial_generate_messages_nodejs
[35m[1mScanning dependencies of target tiago_pcl_tutorial[0m
[ 31%] [32mBuilding CXX object CMakeFiles/tiago_pcl_tutorial.dir/src/pcl_filters.cpp.o[0m
[ 36%] [32m[1mLinking CXX shared library /home/pge/tiago_pge/devel/.private/tiago_pcl_tutorial/lib/libtiago_pcl_tutorial.so[0m
[ 36%] Built target tiago_pcl_tutorial
[35m[1mScanning dependencies of target segment_table[0m
[ 40%] [32mBuilding CXX object CMakeFiles/segment_table.dir/src/nodes/segment_table.cpp.o[0m
[ 45%] [32m[1mLinking CXX executable /home/pge/tiago_pge/devel/.private/tiago_pcl_tutorial/lib/tiago_pcl_tutorial/segment_table[0m
[ 45%] Built target segment_table
[35m[1mScanning dependencies of target tiago_pcl_tutorial_generate_messages_py[0m
[ 50%] [34m[1mGenerating Python from MSG tiago_pcl_tutorial/PlaneCoefficients[0m
[ 54%] [34m[1mGenerating Python msg __init__.py for tiago_pcl_tutorial[0m
[ 54%] Built target tiago_pcl_tutorial_generate_messages_py
[35m[1mScanning dependencies of target tiago_pcl_tutorial_generate_messages_cpp[0m
[ 59%] [34m[1mGenerating C++ code from tiago_pcl_tutorial/PlaneCoefficients.msg[0m
[ 59%] Built target tiago_pcl_tutorial_generate_messages_cpp
[35m[1mScanning dependencies of target cylinder_detector[0m
[ 63%] [32mBuilding CXX object CMakeFiles/cylinder_detector.dir/src/nodes/cylinder_detector.cpp.o[0m
[ 68%] [32mBuilding CXX object CMakeFiles/cylinder_detector.dir/src/tf_transforms.cpp.o[0m
[35m[1mScanning dependencies of target detect_main_plane[0m
[ 72%] [32mBuilding CXX object CMakeFiles/detect_main_plane.dir/src/nodes/detect_main_plane.cpp.o[0m
[ 77%] [32mBuilding CXX object CMakeFiles/cylinder_detector.dir/src/geometry.cpp.o[0m
[ 81%] [32mBuilding CXX object CMakeFiles/cylinder_detector.dir/src/pcl_filters.cpp.o[0m
[35m[1mScanning dependencies of target tiago_pcl_tutorial_generate_messages[0m
[ 81%] Built target tiago_pcl_tutorial_generate_messages
[ 86%] [32m[1mLinking CXX executable /home/pge/tiago_pge/devel/.private/tiago_pcl_tutorial/lib/tiago_pcl_tutorial/detect_main_plane[0m
[ 90%] [32m[1mLinking CXX executable /home/pge/tiago_pge/devel/.private/tiago_pcl_tutorial/lib/tiago_pcl_tutorial/cylinder_detector[0m
[35m[1mScanning dependencies of target region_segment[0m
[ 95%] [32mBuilding CXX object CMakeFiles/region_segment.dir/src/nodes/region_segment.cpp.o[0m
[ 95%] Built target detect_main_plane
[ 95%] Built target cylinder_detector
[100%] [32m[1mLinking CXX executable /home/pge/tiago_pge/devel/.private/tiago_pcl_tutorial/lib/tiago_pcl_tutorial/region_segment[0m
[100%] Built target region_segment
