Determining if the pthread_create exist failed with the following output:
Change Dir: /home/pge/tiago_pge/build/controller_manager/CMakeFiles/CMakeTmp

Run Build Command:"/usr/bin/make" "cmTC_238a0/fast"
/usr/bin/make -f CMakeFiles/cmTC_238a0.dir/build.make CMakeFiles/cmTC_238a0.dir/build
make[1] : on entre dans le répertoire « /home/pge/tiago_pge/build/controller_manager/CMakeFiles/CMakeTmp »
Building C object CMakeFiles/cmTC_238a0.dir/CheckSymbolExists.c.o
/usr/bin/cc     -o CMakeFiles/cmTC_238a0.dir/CheckSymbolExists.c.o   -c /home/pge/tiago_pge/build/controller_manager/CMakeFiles/CMakeTmp/CheckSymbolExists.c
Linking C executable cmTC_238a0
/usr/bin/cmake -E cmake_link_script CMakeFiles/cmTC_238a0.dir/link.txt --verbose=1
/usr/bin/cc       CMakeFiles/cmTC_238a0.dir/CheckSymbolExists.c.o  -o cmTC_238a0 -rdynamic 
CMakeFiles/cmTC_238a0.dir/CheckSymbolExists.c.o : Dans la fonction « main » :
CheckSymbolExists.c:(.text+0x16) : référence indéfinie vers « pthread_create »
collect2: error: ld returned 1 exit status
CMakeFiles/cmTC_238a0.dir/build.make:97 : la recette pour la cible « cmTC_238a0 » a échouée
make[1]: *** [cmTC_238a0] Erreur 1
make[1] : on quitte le répertoire « /home/pge/tiago_pge/build/controller_manager/CMakeFiles/CMakeTmp »
Makefile:126 : la recette pour la cible « cmTC_238a0/fast » a échouée
make: *** [cmTC_238a0/fast] Erreur 2

File /home/pge/tiago_pge/build/controller_manager/CMakeFiles/CMakeTmp/CheckSymbolExists.c:
/* */
#include <pthread.h>

int main(int argc, char** argv)
{
  (void)argv;
#ifndef pthread_create
  return ((int*)(&pthread_create))[argc];
#else
  (void)argc;
  return 0;
#endif
}

Determining if the function pthread_create exists in the pthreads failed with the following output:
Change Dir: /home/pge/tiago_pge/build/controller_manager/CMakeFiles/CMakeTmp

Run Build Command:"/usr/bin/make" "cmTC_b2a1c/fast"
/usr/bin/make -f CMakeFiles/cmTC_b2a1c.dir/build.make CMakeFiles/cmTC_b2a1c.dir/build
make[1] : on entre dans le répertoire « /home/pge/tiago_pge/build/controller_manager/CMakeFiles/CMakeTmp »
Building C object CMakeFiles/cmTC_b2a1c.dir/CheckFunctionExists.c.o
/usr/bin/cc    -DCHECK_FUNCTION_EXISTS=pthread_create   -o CMakeFiles/cmTC_b2a1c.dir/CheckFunctionExists.c.o   -c /usr/share/cmake-3.5/Modules/CheckFunctionExists.c
Linking C executable cmTC_b2a1c
/usr/bin/cmake -E cmake_link_script CMakeFiles/cmTC_b2a1c.dir/link.txt --verbose=1
/usr/bin/cc   -DCHECK_FUNCTION_EXISTS=pthread_create    CMakeFiles/cmTC_b2a1c.dir/CheckFunctionExists.c.o  -o cmTC_b2a1c -rdynamic -lpthreads 
/usr/bin/ld : ne peut trouver -lpthreads
collect2: error: ld returned 1 exit status
CMakeFiles/cmTC_b2a1c.dir/build.make:97 : la recette pour la cible « cmTC_b2a1c » a échouée
make[1]: *** [cmTC_b2a1c] Erreur 1
make[1] : on quitte le répertoire « /home/pge/tiago_pge/build/controller_manager/CMakeFiles/CMakeTmp »
Makefile:126 : la recette pour la cible « cmTC_b2a1c/fast » a échouée
make: *** [cmTC_b2a1c/fast] Erreur 2


