Determining if the pthread_create exist failed with the following output:
Change Dir: /home/pge/tiago_pge/build/simple_models_gazebo/CMakeFiles/CMakeTmp

Run Build Command:"/usr/bin/make" "cmTC_e8e3e/fast"
/usr/bin/make -f CMakeFiles/cmTC_e8e3e.dir/build.make CMakeFiles/cmTC_e8e3e.dir/build
make[1] : on entre dans le répertoire « /home/pge/tiago_pge/build/simple_models_gazebo/CMakeFiles/CMakeTmp »
Building C object CMakeFiles/cmTC_e8e3e.dir/CheckSymbolExists.c.o
/usr/bin/cc     -o CMakeFiles/cmTC_e8e3e.dir/CheckSymbolExists.c.o   -c /home/pge/tiago_pge/build/simple_models_gazebo/CMakeFiles/CMakeTmp/CheckSymbolExists.c
Linking C executable cmTC_e8e3e
/usr/bin/cmake -E cmake_link_script CMakeFiles/cmTC_e8e3e.dir/link.txt --verbose=1
/usr/bin/cc       CMakeFiles/cmTC_e8e3e.dir/CheckSymbolExists.c.o  -o cmTC_e8e3e -rdynamic 
CMakeFiles/cmTC_e8e3e.dir/CheckSymbolExists.c.o : Dans la fonction « main » :
CheckSymbolExists.c:(.text+0x16) : référence indéfinie vers « pthread_create »
collect2: error: ld returned 1 exit status
CMakeFiles/cmTC_e8e3e.dir/build.make:97 : la recette pour la cible « cmTC_e8e3e » a échouée
make[1]: *** [cmTC_e8e3e] Erreur 1
make[1] : on quitte le répertoire « /home/pge/tiago_pge/build/simple_models_gazebo/CMakeFiles/CMakeTmp »
Makefile:126 : la recette pour la cible « cmTC_e8e3e/fast » a échouée
make: *** [cmTC_e8e3e/fast] Erreur 2

File /home/pge/tiago_pge/build/simple_models_gazebo/CMakeFiles/CMakeTmp/CheckSymbolExists.c:
/* */
#include <pthread.h>

int main(int argc, char** argv)
{
  (void)argv;
#ifndef pthread_create
  return ((int*)(&pthread_create))[argc];
#else
  (void)argc;
  return 0;
#endif
}

Determining if the function pthread_create exists in the pthreads failed with the following output:
Change Dir: /home/pge/tiago_pge/build/simple_models_gazebo/CMakeFiles/CMakeTmp

Run Build Command:"/usr/bin/make" "cmTC_e9a6b/fast"
/usr/bin/make -f CMakeFiles/cmTC_e9a6b.dir/build.make CMakeFiles/cmTC_e9a6b.dir/build
make[1] : on entre dans le répertoire « /home/pge/tiago_pge/build/simple_models_gazebo/CMakeFiles/CMakeTmp »
Building C object CMakeFiles/cmTC_e9a6b.dir/CheckFunctionExists.c.o
/usr/bin/cc    -DCHECK_FUNCTION_EXISTS=pthread_create   -o CMakeFiles/cmTC_e9a6b.dir/CheckFunctionExists.c.o   -c /usr/share/cmake-3.5/Modules/CheckFunctionExists.c
Linking C executable cmTC_e9a6b
/usr/bin/cmake -E cmake_link_script CMakeFiles/cmTC_e9a6b.dir/link.txt --verbose=1
/usr/bin/cc   -DCHECK_FUNCTION_EXISTS=pthread_create    CMakeFiles/cmTC_e9a6b.dir/CheckFunctionExists.c.o  -o cmTC_e9a6b -rdynamic -lpthreads 
/usr/bin/ld : ne peut trouver -lpthreads
collect2: error: ld returned 1 exit status
CMakeFiles/cmTC_e9a6b.dir/build.make:97 : la recette pour la cible « cmTC_e9a6b » a échouée
make[1]: *** [cmTC_e9a6b] Erreur 1
make[1] : on quitte le répertoire « /home/pge/tiago_pge/build/simple_models_gazebo/CMakeFiles/CMakeTmp »
Makefile:126 : la recette pour la cible « cmTC_e9a6b/fast » a échouée
make: *** [cmTC_e9a6b/fast] Erreur 2


