Determining if the pthread_create exist failed with the following output:
Change Dir: /home/pge/tiago_pge/build/gazebo_plugins/CMakeFiles/CMakeTmp

Run Build Command:"/usr/bin/make" "cmTC_cfe9a/fast"
/usr/bin/make -f CMakeFiles/cmTC_cfe9a.dir/build.make CMakeFiles/cmTC_cfe9a.dir/build
make[1] : on entre dans le répertoire « /home/pge/tiago_pge/build/gazebo_plugins/CMakeFiles/CMakeTmp »
Building C object CMakeFiles/cmTC_cfe9a.dir/CheckSymbolExists.c.o
/usr/bin/cc     -o CMakeFiles/cmTC_cfe9a.dir/CheckSymbolExists.c.o   -c /home/pge/tiago_pge/build/gazebo_plugins/CMakeFiles/CMakeTmp/CheckSymbolExists.c
Linking C executable cmTC_cfe9a
/usr/bin/cmake -E cmake_link_script CMakeFiles/cmTC_cfe9a.dir/link.txt --verbose=1
/usr/bin/cc       CMakeFiles/cmTC_cfe9a.dir/CheckSymbolExists.c.o  -o cmTC_cfe9a -rdynamic 
CMakeFiles/cmTC_cfe9a.dir/CheckSymbolExists.c.o : Dans la fonction « main » :
CheckSymbolExists.c:(.text+0x16) : référence indéfinie vers « pthread_create »
collect2: error: ld returned 1 exit status
CMakeFiles/cmTC_cfe9a.dir/build.make:97 : la recette pour la cible « cmTC_cfe9a » a échouée
make[1]: *** [cmTC_cfe9a] Erreur 1
make[1] : on quitte le répertoire « /home/pge/tiago_pge/build/gazebo_plugins/CMakeFiles/CMakeTmp »
Makefile:126 : la recette pour la cible « cmTC_cfe9a/fast » a échouée
make: *** [cmTC_cfe9a/fast] Erreur 2

File /home/pge/tiago_pge/build/gazebo_plugins/CMakeFiles/CMakeTmp/CheckSymbolExists.c:
/* */
#include <pthread.h>

int main(int argc, char** argv)
{
  (void)argv;
#ifndef pthread_create
  return ((int*)(&pthread_create))[argc];
#else
  (void)argc;
  return 0;
#endif
}

Determining if the function pthread_create exists in the pthreads failed with the following output:
Change Dir: /home/pge/tiago_pge/build/gazebo_plugins/CMakeFiles/CMakeTmp

Run Build Command:"/usr/bin/make" "cmTC_69576/fast"
/usr/bin/make -f CMakeFiles/cmTC_69576.dir/build.make CMakeFiles/cmTC_69576.dir/build
make[1] : on entre dans le répertoire « /home/pge/tiago_pge/build/gazebo_plugins/CMakeFiles/CMakeTmp »
Building C object CMakeFiles/cmTC_69576.dir/CheckFunctionExists.c.o
/usr/bin/cc    -DCHECK_FUNCTION_EXISTS=pthread_create   -o CMakeFiles/cmTC_69576.dir/CheckFunctionExists.c.o   -c /usr/share/cmake-3.5/Modules/CheckFunctionExists.c
Linking C executable cmTC_69576
/usr/bin/cmake -E cmake_link_script CMakeFiles/cmTC_69576.dir/link.txt --verbose=1
/usr/bin/cc   -DCHECK_FUNCTION_EXISTS=pthread_create    CMakeFiles/cmTC_69576.dir/CheckFunctionExists.c.o  -o cmTC_69576 -rdynamic -lpthreads 
/usr/bin/ld : ne peut trouver -lpthreads
collect2: error: ld returned 1 exit status
CMakeFiles/cmTC_69576.dir/build.make:97 : la recette pour la cible « cmTC_69576 » a échouée
make[1]: *** [cmTC_69576] Erreur 1
make[1] : on quitte le répertoire « /home/pge/tiago_pge/build/gazebo_plugins/CMakeFiles/CMakeTmp »
Makefile:126 : la recette pour la cible « cmTC_69576/fast » a échouée
make: *** [cmTC_69576/fast] Erreur 2


