Not searching for unused variables given on the command line.
[36m--[0m Using CATKIN_DEVEL_PREFIX: /home/pge/tiago_pge/devel/.private/rviz_plugin_covariance
[36m--[0m Using CMAKE_PREFIX_PATH: /home/pge/tiago_pge/devel;/opt/ros/kinetic
[36m--[0m This workspace overlays: /home/pge/tiago_pge/devel;/opt/ros/kinetic
[36m--[0m Using PYTHON_EXECUTABLE: /usr/bin/python
[36m--[0m Using Debian Python package layout
[36m--[0m Using empy: /usr/bin/empy
[36m--[0m Using CATKIN_ENABLE_TESTING: 0
[36m--[0m catkin 0.7.18
[36m--[0m BUILD_SHARED_LIBS is on
[36m--[0m Using these message generators: gencpp;geneus;genlisp;gennodejs;genpy
[33m[1mCMake Warning[0m at /opt/ros/kinetic/share/cmake_modules/cmake/Modules/FindEigen.cmake:62 (message):
  The FindEigen.cmake Module in the cmake_modules package is deprecated.

  Please use the FindEigen3.cmake Module provided with Eigen.  Change
  instances of find_package(Eigen) to find_package(Eigen3).  Check the
  FindEigen3.cmake Module for the resulting CMake variable names.

[36mCall Stack (most recent call first):[0m
  CMakeLists.txt:12 (find_package)


[36m--[0m Eigen found (include: /usr/include/eigen3)
[36m--[0m Using Qt5 based on the rviz_QT_VERSION: 5.5.1
[36m--[0m Configuring done
[36m--[0m Generating done
[36m--[0m Build files have been written to: /home/pge/tiago_pge/build/rviz_plugin_covariance
