Linked: (/home/pge/tiago_pge/devel/.private/pal_statistics_msgs/lib/pkgconfig/pal_statistics_msgs.pc, /home/pge/tiago_pge/devel/lib/pkgconfig/pal_statistics_msgs.pc)
Linked: (/home/pge/tiago_pge/devel/.private/pal_statistics_msgs/lib/python2.7/dist-packages/pal_statistics_msgs/__init__.py, /home/pge/tiago_pge/devel/lib/python2.7/dist-packages/pal_statistics_msgs/__init__.py)
Linked: (/home/pge/tiago_pge/devel/.private/pal_statistics_msgs/lib/python2.7/dist-packages/pal_statistics_msgs/msg/_Statistic.py, /home/pge/tiago_pge/devel/lib/python2.7/dist-packages/pal_statistics_msgs/msg/_Statistic.py)
Linked: (/home/pge/tiago_pge/devel/.private/pal_statistics_msgs/lib/python2.7/dist-packages/pal_statistics_msgs/msg/__init__.py, /home/pge/tiago_pge/devel/lib/python2.7/dist-packages/pal_statistics_msgs/msg/__init__.py)
Linked: (/home/pge/tiago_pge/devel/.private/pal_statistics_msgs/lib/python2.7/dist-packages/pal_statistics_msgs/msg/_Statistics.py, /home/pge/tiago_pge/devel/lib/python2.7/dist-packages/pal_statistics_msgs/msg/_Statistics.py)
Linked: (/home/pge/tiago_pge/devel/.private/pal_statistics_msgs/lib/python2.7/dist-packages/pal_statistics_msgs/msg/_StatisticsNames.py, /home/pge/tiago_pge/devel/lib/python2.7/dist-packages/pal_statistics_msgs/msg/_StatisticsNames.py)
Linked: (/home/pge/tiago_pge/devel/.private/pal_statistics_msgs/lib/python2.7/dist-packages/pal_statistics_msgs/msg/_StatisticsValues.py, /home/pge/tiago_pge/devel/lib/python2.7/dist-packages/pal_statistics_msgs/msg/_StatisticsValues.py)
Linked: (/home/pge/tiago_pge/devel/.private/pal_statistics_msgs/include/pal_statistics_msgs/Statistics.h, /home/pge/tiago_pge/devel/include/pal_statistics_msgs/Statistics.h)
Linked: (/home/pge/tiago_pge/devel/.private/pal_statistics_msgs/include/pal_statistics_msgs/StatisticsNames.h, /home/pge/tiago_pge/devel/include/pal_statistics_msgs/StatisticsNames.h)
Linked: (/home/pge/tiago_pge/devel/.private/pal_statistics_msgs/include/pal_statistics_msgs/Statistic.h, /home/pge/tiago_pge/devel/include/pal_statistics_msgs/Statistic.h)
Linked: (/home/pge/tiago_pge/devel/.private/pal_statistics_msgs/include/pal_statistics_msgs/StatisticsValues.h, /home/pge/tiago_pge/devel/include/pal_statistics_msgs/StatisticsValues.h)
Linked: (/home/pge/tiago_pge/devel/.private/pal_statistics_msgs/share/gennodejs/ros/pal_statistics_msgs/_index.js, /home/pge/tiago_pge/devel/share/gennodejs/ros/pal_statistics_msgs/_index.js)
Linked: (/home/pge/tiago_pge/devel/.private/pal_statistics_msgs/share/gennodejs/ros/pal_statistics_msgs/msg/Statistic.js, /home/pge/tiago_pge/devel/share/gennodejs/ros/pal_statistics_msgs/msg/Statistic.js)
Linked: (/home/pge/tiago_pge/devel/.private/pal_statistics_msgs/share/gennodejs/ros/pal_statistics_msgs/msg/Statistics.js, /home/pge/tiago_pge/devel/share/gennodejs/ros/pal_statistics_msgs/msg/Statistics.js)
Linked: (/home/pge/tiago_pge/devel/.private/pal_statistics_msgs/share/gennodejs/ros/pal_statistics_msgs/msg/StatisticsValues.js, /home/pge/tiago_pge/devel/share/gennodejs/ros/pal_statistics_msgs/msg/StatisticsValues.js)
Linked: (/home/pge/tiago_pge/devel/.private/pal_statistics_msgs/share/gennodejs/ros/pal_statistics_msgs/msg/_index.js, /home/pge/tiago_pge/devel/share/gennodejs/ros/pal_statistics_msgs/msg/_index.js)
Linked: (/home/pge/tiago_pge/devel/.private/pal_statistics_msgs/share/gennodejs/ros/pal_statistics_msgs/msg/StatisticsNames.js, /home/pge/tiago_pge/devel/share/gennodejs/ros/pal_statistics_msgs/msg/StatisticsNames.js)
Linked: (/home/pge/tiago_pge/devel/.private/pal_statistics_msgs/share/common-lisp/ros/pal_statistics_msgs/msg/pal_statistics_msgs-msg.asd, /home/pge/tiago_pge/devel/share/common-lisp/ros/pal_statistics_msgs/msg/pal_statistics_msgs-msg.asd)
Linked: (/home/pge/tiago_pge/devel/.private/pal_statistics_msgs/share/common-lisp/ros/pal_statistics_msgs/msg/_package_StatisticsNames.lisp, /home/pge/tiago_pge/devel/share/common-lisp/ros/pal_statistics_msgs/msg/_package_StatisticsNames.lisp)
Linked: (/home/pge/tiago_pge/devel/.private/pal_statistics_msgs/share/common-lisp/ros/pal_statistics_msgs/msg/_package_Statistic.lisp, /home/pge/tiago_pge/devel/share/common-lisp/ros/pal_statistics_msgs/msg/_package_Statistic.lisp)
Linked: (/home/pge/tiago_pge/devel/.private/pal_statistics_msgs/share/common-lisp/ros/pal_statistics_msgs/msg/_package_StatisticsValues.lisp, /home/pge/tiago_pge/devel/share/common-lisp/ros/pal_statistics_msgs/msg/_package_StatisticsValues.lisp)
Linked: (/home/pge/tiago_pge/devel/.private/pal_statistics_msgs/share/common-lisp/ros/pal_statistics_msgs/msg/Statistics.lisp, /home/pge/tiago_pge/devel/share/common-lisp/ros/pal_statistics_msgs/msg/Statistics.lisp)
Linked: (/home/pge/tiago_pge/devel/.private/pal_statistics_msgs/share/common-lisp/ros/pal_statistics_msgs/msg/Statistic.lisp, /home/pge/tiago_pge/devel/share/common-lisp/ros/pal_statistics_msgs/msg/Statistic.lisp)
Linked: (/home/pge/tiago_pge/devel/.private/pal_statistics_msgs/share/common-lisp/ros/pal_statistics_msgs/msg/_package_Statistics.lisp, /home/pge/tiago_pge/devel/share/common-lisp/ros/pal_statistics_msgs/msg/_package_Statistics.lisp)
Linked: (/home/pge/tiago_pge/devel/.private/pal_statistics_msgs/share/common-lisp/ros/pal_statistics_msgs/msg/StatisticsNames.lisp, /home/pge/tiago_pge/devel/share/common-lisp/ros/pal_statistics_msgs/msg/StatisticsNames.lisp)
Linked: (/home/pge/tiago_pge/devel/.private/pal_statistics_msgs/share/common-lisp/ros/pal_statistics_msgs/msg/_package.lisp, /home/pge/tiago_pge/devel/share/common-lisp/ros/pal_statistics_msgs/msg/_package.lisp)
Linked: (/home/pge/tiago_pge/devel/.private/pal_statistics_msgs/share/common-lisp/ros/pal_statistics_msgs/msg/StatisticsValues.lisp, /home/pge/tiago_pge/devel/share/common-lisp/ros/pal_statistics_msgs/msg/StatisticsValues.lisp)
Linked: (/home/pge/tiago_pge/devel/.private/pal_statistics_msgs/share/roseus/ros/pal_statistics_msgs/manifest.l, /home/pge/tiago_pge/devel/share/roseus/ros/pal_statistics_msgs/manifest.l)
Linked: (/home/pge/tiago_pge/devel/.private/pal_statistics_msgs/share/roseus/ros/pal_statistics_msgs/msg/StatisticsValues.l, /home/pge/tiago_pge/devel/share/roseus/ros/pal_statistics_msgs/msg/StatisticsValues.l)
Linked: (/home/pge/tiago_pge/devel/.private/pal_statistics_msgs/share/roseus/ros/pal_statistics_msgs/msg/Statistics.l, /home/pge/tiago_pge/devel/share/roseus/ros/pal_statistics_msgs/msg/Statistics.l)
Linked: (/home/pge/tiago_pge/devel/.private/pal_statistics_msgs/share/roseus/ros/pal_statistics_msgs/msg/Statistic.l, /home/pge/tiago_pge/devel/share/roseus/ros/pal_statistics_msgs/msg/Statistic.l)
Linked: (/home/pge/tiago_pge/devel/.private/pal_statistics_msgs/share/roseus/ros/pal_statistics_msgs/msg/StatisticsNames.l, /home/pge/tiago_pge/devel/share/roseus/ros/pal_statistics_msgs/msg/StatisticsNames.l)
Linked: (/home/pge/tiago_pge/devel/.private/pal_statistics_msgs/share/pal_statistics_msgs/cmake/pal_statistics_msgs-msg-extras.cmake, /home/pge/tiago_pge/devel/share/pal_statistics_msgs/cmake/pal_statistics_msgs-msg-extras.cmake)
Linked: (/home/pge/tiago_pge/devel/.private/pal_statistics_msgs/share/pal_statistics_msgs/cmake/pal_statistics_msgsConfig.cmake, /home/pge/tiago_pge/devel/share/pal_statistics_msgs/cmake/pal_statistics_msgsConfig.cmake)
Linked: (/home/pge/tiago_pge/devel/.private/pal_statistics_msgs/share/pal_statistics_msgs/cmake/pal_statistics_msgsConfig-version.cmake, /home/pge/tiago_pge/devel/share/pal_statistics_msgs/cmake/pal_statistics_msgsConfig-version.cmake)
Linked: (/home/pge/tiago_pge/devel/.private/pal_statistics_msgs/share/pal_statistics_msgs/cmake/pal_statistics_msgs-msg-paths.cmake, /home/pge/tiago_pge/devel/share/pal_statistics_msgs/cmake/pal_statistics_msgs-msg-paths.cmake)
