Determining if the pthread_create exist failed with the following output:
Change Dir: /home/pge/tiago_pge/build/tiago_move_arm_pylon/CMakeFiles/CMakeTmp

Run Build Command:"/usr/bin/make" "cmTC_04bb1/fast"
/usr/bin/make -f CMakeFiles/cmTC_04bb1.dir/build.make CMakeFiles/cmTC_04bb1.dir/build
make[1] : on entre dans le répertoire « /home/pge/tiago_pge/build/tiago_move_arm_pylon/CMakeFiles/CMakeTmp »
Building C object CMakeFiles/cmTC_04bb1.dir/CheckSymbolExists.c.o
/usr/bin/cc     -o CMakeFiles/cmTC_04bb1.dir/CheckSymbolExists.c.o   -c /home/pge/tiago_pge/build/tiago_move_arm_pylon/CMakeFiles/CMakeTmp/CheckSymbolExists.c
Linking C executable cmTC_04bb1
/usr/bin/cmake -E cmake_link_script CMakeFiles/cmTC_04bb1.dir/link.txt --verbose=1
/usr/bin/cc       CMakeFiles/cmTC_04bb1.dir/CheckSymbolExists.c.o  -o cmTC_04bb1 -rdynamic 
CMakeFiles/cmTC_04bb1.dir/CheckSymbolExists.c.o : Dans la fonction « main » :
CheckSymbolExists.c:(.text+0x16) : référence indéfinie vers « pthread_create »
collect2: error: ld returned 1 exit status
CMakeFiles/cmTC_04bb1.dir/build.make:97 : la recette pour la cible « cmTC_04bb1 » a échouée
make[1]: *** [cmTC_04bb1] Erreur 1
make[1] : on quitte le répertoire « /home/pge/tiago_pge/build/tiago_move_arm_pylon/CMakeFiles/CMakeTmp »
Makefile:126 : la recette pour la cible « cmTC_04bb1/fast » a échouée
make: *** [cmTC_04bb1/fast] Erreur 2

File /home/pge/tiago_pge/build/tiago_move_arm_pylon/CMakeFiles/CMakeTmp/CheckSymbolExists.c:
/* */
#include <pthread.h>

int main(int argc, char** argv)
{
  (void)argv;
#ifndef pthread_create
  return ((int*)(&pthread_create))[argc];
#else
  (void)argc;
  return 0;
#endif
}

Determining if the function pthread_create exists in the pthreads failed with the following output:
Change Dir: /home/pge/tiago_pge/build/tiago_move_arm_pylon/CMakeFiles/CMakeTmp

Run Build Command:"/usr/bin/make" "cmTC_39d3c/fast"
/usr/bin/make -f CMakeFiles/cmTC_39d3c.dir/build.make CMakeFiles/cmTC_39d3c.dir/build
make[1] : on entre dans le répertoire « /home/pge/tiago_pge/build/tiago_move_arm_pylon/CMakeFiles/CMakeTmp »
Building C object CMakeFiles/cmTC_39d3c.dir/CheckFunctionExists.c.o
/usr/bin/cc    -DCHECK_FUNCTION_EXISTS=pthread_create   -o CMakeFiles/cmTC_39d3c.dir/CheckFunctionExists.c.o   -c /usr/share/cmake-3.5/Modules/CheckFunctionExists.c
Linking C executable cmTC_39d3c
/usr/bin/cmake -E cmake_link_script CMakeFiles/cmTC_39d3c.dir/link.txt --verbose=1
/usr/bin/cc   -DCHECK_FUNCTION_EXISTS=pthread_create    CMakeFiles/cmTC_39d3c.dir/CheckFunctionExists.c.o  -o cmTC_39d3c -rdynamic -lpthreads 
/usr/bin/ld : ne peut trouver -lpthreads
collect2: error: ld returned 1 exit status
CMakeFiles/cmTC_39d3c.dir/build.make:97 : la recette pour la cible « cmTC_39d3c » a échouée
make[1]: *** [cmTC_39d3c] Erreur 1
make[1] : on quitte le répertoire « /home/pge/tiago_pge/build/tiago_move_arm_pylon/CMakeFiles/CMakeTmp »
Makefile:126 : la recette pour la cible « cmTC_39d3c/fast » a échouée
make: *** [cmTC_39d3c/fast] Erreur 2


