[01m[K/home/pge/tiago_pge/src/tiago_move_arm_pylon/src/plan_arm_torso_ik_pylon.cpp:[m[K In function ‘[01m[Kint main(int, char**)[m[K’:
[01m[K/home/pge/tiago_pge/src/tiago_move_arm_pylon/src/plan_arm_torso_ik_pylon.cpp:58:42:[m[K [01;31m[Kerror: [m[Kno matching function for call to ‘[01m[Kmoveit::planning_interface::MoveGroupInterface::setPoseTarget(geometry_msgs::PoseStamped*&)[m[K’
   group_arm_torso.setPoseTarget(goal_pose);
[01;32m[K                                          ^[m[K
In file included from [01m[K/home/pge/tiago_pge/src/tiago_move_arm_pylon/src/plan_arm_torso_ik_pylon.cpp:5:0[m[K:
[01m[K/opt/ros/kinetic/include/moveit/move_group_interface/move_group_interface.h:545:8:[m[K [01;36m[Knote: [m[Kcandidate: bool moveit::planning_interface::MoveGroupInterface::setPoseTarget(const Affine3d&, const string&)
   bool setPoseTarget(const Eigen::Affine3d& end_effector_pose, const std::string& end_effector_link = "");
[01;32m[K        ^[m[K
[01m[K/opt/ros/kinetic/include/moveit/move_group_interface/move_group_interface.h:545:8:[m[K [01;36m[Knote: [m[K  no known conversion for argument 1 from ‘[01m[Kgeometry_msgs::PoseStamped* {aka geometry_msgs::PoseStamped_<std::allocator<void> >*}[m[K’ to ‘[01m[Kconst Affine3d& {aka const Eigen::Transform<double, 3, 2>&}[m[K’
[01m[K/opt/ros/kinetic/include/moveit/move_group_interface/move_group_interface.h:554:8:[m[K [01;36m[Knote: [m[Kcandidate: bool moveit::planning_interface::MoveGroupInterface::setPoseTarget(const Pose&, const string&)
   bool setPoseTarget(const geometry_msgs::Pose& target, const std::string& end_effector_link = "");
[01;32m[K        ^[m[K
[01m[K/opt/ros/kinetic/include/moveit/move_group_interface/move_group_interface.h:554:8:[m[K [01;36m[Knote: [m[K  no known conversion for argument 1 from ‘[01m[Kgeometry_msgs::PoseStamped* {aka geometry_msgs::PoseStamped_<std::allocator<void> >*}[m[K’ to ‘[01m[Kconst Pose& {aka const geometry_msgs::Pose_<std::allocator<void> >&}[m[K’
[01m[K/opt/ros/kinetic/include/moveit/move_group_interface/move_group_interface.h:563:8:[m[K [01;36m[Knote: [m[Kcandidate: bool moveit::planning_interface::MoveGroupInterface::setPoseTarget(const PoseStamped&, const string&)
   bool setPoseTarget(const geometry_msgs::PoseStamped& target, const std::string& end_effector_link = "");
[01;32m[K        ^[m[K
[01m[K/opt/ros/kinetic/include/moveit/move_group_interface/move_group_interface.h:563:8:[m[K [01;36m[Knote: [m[K  no known conversion for argument 1 from ‘[01m[Kgeometry_msgs::PoseStamped* {aka geometry_msgs::PoseStamped_<std::allocator<void> >*}[m[K’ to ‘[01m[Kconst PoseStamped& {aka const geometry_msgs::PoseStamped_<std::allocator<void> >&}[m[K’
make[2]: *** [CMakeFiles/plan_arm_torso_ik_pylon.dir/src/plan_arm_torso_ik_pylon.cpp.o] Erreur 1
make[1]: *** [CMakeFiles/plan_arm_torso_ik_pylon.dir/all] Erreur 2
make: *** [all] Erreur 2
