[01m[K/home/pge/tiago_pge/src/tiago_move_arm_pylon/src/plan_arm_torso_ik_pylon.cpp:13:4:[m[K [01;31m[Kerror: [m[Kexpected unqualified-id before ‘[01m[K[[m[K’ token
 int[6] pylon_base_footprint_tf(int[] pose_pylone_frame) {
[01;32m[K    ^[m[K
[01m[K/home/pge/tiago_pge/src/tiago_move_arm_pylon/src/plan_arm_torso_ik_pylon.cpp:[m[K In function ‘[01m[Kint main(int, char**)[m[K’:
[01m[K/home/pge/tiago_pge/src/tiago_move_arm_pylon/src/plan_arm_torso_ik_pylon.cpp:36:10:[m[K [01;31m[Kerror: [m[K‘[01m[Knode[m[K’ was not declared in this scope
   while (node.ok()){
[01;32m[K          ^[m[K
[01m[K/home/pge/tiago_pge/src/tiago_move_arm_pylon/src/plan_arm_torso_ik_pylon.cpp:40:22:[m[K [01;31m[Kerror: [m[K‘[01m[Kprint[m[K’ was not declared in this scope
       print(transform);
[01;32m[K                      ^[m[K
[01m[K/home/pge/tiago_pge/src/tiago_move_arm_pylon/src/plan_arm_torso_ik_pylon.cpp:40:22:[m[K [01;36m[Knote: [m[Ksuggested alternatives:
In file included from [01m[K/opt/ros/kinetic/include/ros/ros.h:40:0[m[K,
                 from [01m[K/home/pge/tiago_pge/src/tiago_move_arm_pylon/src/plan_arm_torso_ik_pylon.cpp:2[m[K:
[01m[K/opt/ros/kinetic/include/ros/console.h:160:22:[m[K [01;36m[Knote: [m[K  ‘[01m[Kros::console::print[m[K’
 ROSCONSOLE_DECL void print(FilterBase* filter, void* logger, Level level,
[01;32m[K                      ^[m[K
In file included from [01m[K/opt/ros/kinetic/include/ros/console.h:35:0[m[K,
                 from [01m[K/opt/ros/kinetic/include/ros/ros.h:40[m[K,
                 from [01m[K/home/pge/tiago_pge/src/tiago_move_arm_pylon/src/plan_arm_torso_ik_pylon.cpp:2[m[K:
[01m[K/opt/ros/kinetic/include/ros/console_backend.h:60:6:[m[K [01;36m[Knote: [m[K  ‘[01m[Kros::console::backend::print[m[K’
 void print(void* logger_handle, ::ros::console::Level level, const char* str, const char* file, const char* function, int line);
[01;32m[K      ^[m[K
make[2]: *** [CMakeFiles/plan_arm_torso_ik_pylon.dir/src/plan_arm_torso_ik_pylon.cpp.o] Erreur 1
make[1]: *** [CMakeFiles/plan_arm_torso_ik_pylon.dir/all] Erreur 2
make: *** [all] Erreur 2
