[  2%] Built target gazebo_ros_vacuum_gripper
[  5%] Built target gazebo_ros_template
[  7%] Built target gazebo_ros_planar_move
[ 10%] Built target gazebo_ros_ft_sensor
[ 10%] Built target diagnostic_msgs_generate_messages_nodejs
[ 10%] Built target rosgraph_msgs_generate_messages_nodejs
[ 10%] Built target gazebo_msgs_generate_messages_eus
[ 13%] Built target gazebo_ros_utils
[ 15%] Built target gazebo_ros_video
[ 15%] Built target roscpp_generate_messages_py
[ 15%] Built target bond_generate_messages_eus
[ 15%] Built target roscpp_generate_messages_eus
[ 15%] Built target tf_generate_messages_nodejs
[ 15%] Built target nodelet_generate_messages_eus
[ 15%] Built target tf2_msgs_generate_messages_nodejs
[ 15%] Built target std_srvs_generate_messages_py
[ 15%] Built target std_srvs_generate_messages_nodejs
[ 15%] Built target tf_generate_messages_lisp
[ 15%] Built target rosgraph_msgs_generate_messages_lisp
[ 15%] Built target std_srvs_generate_messages_cpp
[ 15%] Built target diagnostic_msgs_generate_messages_py
[ 15%] Built target roscpp_generate_messages_nodejs
[ 15%] Built target sensor_msgs_generate_messages_py
[ 15%] Built target actionlib_generate_messages_cpp
[ 15%] Built target rosgraph_msgs_generate_messages_py
[ 15%] Built target actionlib_msgs_generate_messages_cpp
[ 15%] Built target sensor_msgs_generate_messages_cpp
[ 15%] Built target sensor_msgs_generate_messages_eus
[ 15%] Built target actionlib_generate_messages_nodejs
[ 15%] Built target std_srvs_generate_messages_eus
[ 15%] Built target tf_generate_messages_cpp
[ 15%] Built target std_msgs_generate_messages_nodejs
[ 15%] Built target gazebo_msgs_generate_messages_nodejs
[ 15%] Built target roscpp_generate_messages_lisp
[ 15%] Built target geometry_msgs_generate_messages_lisp
[ 15%] Built target geometry_msgs_generate_messages_py
[ 15%] Built target bond_generate_messages_py
[ 15%] Built target diagnostic_msgs_generate_messages_lisp
[ 15%] Built target sensor_msgs_generate_messages_lisp
[ 15%] Built target gazebo_msgs_generate_messages_lisp
[ 15%] Built target rosgraph_msgs_generate_messages_cpp
[ 15%] Built target std_msgs_generate_messages_cpp
[ 15%] Built target sensor_msgs_generate_messages_nodejs
[ 15%] Built target geometry_msgs_generate_messages_cpp
[ 15%] Built target gazebo_msgs_generate_messages_py
[ 15%] Built target _catkin_empty_exported_target
[ 15%] Built target trajectory_msgs_generate_messages_cpp
[ 15%] Built target polled_camera_generate_messages_lisp
[ 15%] Built target trajectory_msgs_generate_messages_eus
[ 15%] Built target dynamic_reconfigure_generate_messages_nodejs
[ 15%] Built target nodelet_generate_messages_cpp
[ 15%] Built target rosgraph_msgs_generate_messages_eus
[ 15%] Built target std_msgs_generate_messages_py
[ 15%] Built target nav_msgs_generate_messages_py
[ 15%] Built target roscpp_generate_messages_cpp
[ 15%] Built target diagnostic_msgs_generate_messages_eus
[ 15%] Built target nodelet_generate_messages_py
[ 15%] Built target std_srvs_generate_messages_lisp
[ 15%] Built target trajectory_msgs_generate_messages_lisp
[ 15%] Built target trajectory_msgs_generate_messages_nodejs
[ 15%] Built target trajectory_msgs_generate_messages_py
[ 15%] Built target polled_camera_generate_messages_cpp
[ 15%] Built target nodelet_generate_messages_lisp
[ 15%] Built target geometry_msgs_generate_messages_eus
[ 15%] Built target geometry_msgs_generate_messages_nodejs
[ 15%] Built target nodelet_generate_messages_nodejs
[ 15%] Built target std_msgs_generate_messages_lisp
[ 15%] Built target bond_generate_messages_cpp
[ 15%] Built target bond_generate_messages_lisp
[ 15%] Built target tf2_msgs_generate_messages_eus
[ 15%] Built target nav_msgs_generate_messages_lisp
[ 15%] Built target nav_msgs_generate_messages_eus
[ 15%] Built target gazebo_msgs_generate_messages_cpp
[ 15%] Built target actionlib_msgs_generate_messages_lisp
[ 15%] Built target actionlib_msgs_generate_messages_eus
[ 15%] Built target actionlib_generate_messages_lisp
[ 15%] Built target polled_camera_generate_messages_py
[ 15%] Built target actionlib_msgs_generate_messages_nodejs
[ 15%] Built target actionlib_msgs_generate_messages_py
[ 15%] Built target tf2_msgs_generate_messages_py
[ 15%] Built target tf_generate_messages_eus
[ 15%] Built target tf_generate_messages_py
[ 15%] Built target std_msgs_generate_messages_eus
[ 15%] Built target actionlib_generate_messages_eus
[ 15%] Built target tf2_msgs_generate_messages_cpp
[ 15%] Built target tf2_msgs_generate_messages_lisp
[ 15%] Built target dynamic_reconfigure_generate_messages_cpp
[ 15%] Built target dynamic_reconfigure_generate_messages_eus
[ 15%] Built target bond_generate_messages_nodejs
[ 15%] Built target nav_msgs_generate_messages_cpp
[ 15%] Built target dynamic_reconfigure_generate_messages_lisp
[ 15%] Built target polled_camera_generate_messages_nodejs
[ 15%] Built target actionlib_generate_messages_py
[ 15%] Built target dynamic_reconfigure_generate_messages_py
[ 15%] Built target dynamic_reconfigure_gencfg
[ 15%] Built target polled_camera_generate_messages_eus
[ 15%] Built target diagnostic_msgs_generate_messages_cpp
[ 15%] Built target nav_msgs_generate_messages_nodejs
[ 18%] Built target gazebo_ros_hand_of_god
[ 21%] Built target gazebo_ros_force
[ 23%] Built target gazebo_ros_p3d
[ 26%] Built target gazebo_ros_imu_sensor
[ 31%] Built target gazebo_plugins_gencfg
[ 34%] Built target gazebo_ros_gpu_laser
[ 36%] Built target MultiCameraPlugin
[ 39%] Built target gazebo_ros_imu
[ 42%] Built target gazebo_ros_joint_trajectory
[ 44%] Built target vision_reconfigure
[ 47%] Built target pub_joint_trajectory_test
[ 50%] Built target gazebo_ros_f3d
[ 52%] Built target gazebo_ros_range
[ 55%] Built target gazebo_ros_projector
[ 57%] Built target gazebo_ros_joint_pose_trajectory
[ 60%] Built target gazebo_ros_block_laser
[ 63%] Built target hokuyo_node
[ 65%] Built target gazebo_ros_skid_steer_drive
[ 68%] Built target gazebo_ros_tricycle_drive
[ 71%] Built target gazebo_ros_laser
[ 73%] Built target gazebo_ros_diff_drive
[ 76%] Built target gazebo_ros_joint_state_publisher
[ 78%] Built target gazebo_ros_bumper
[ 81%] Built target gazebo_ros_camera_utils
[ 84%] Built target gazebo_ros_elevator
[ 86%] Built target camera_synchronizer
[ 89%] Built target gazebo_ros_openni_kinect
[ 92%] Built target gazebo_ros_camera
[ 94%] Built target gazebo_ros_multicamera
[ 97%] Built target gazebo_ros_depth_camera
[100%] Built target gazebo_ros_prosilica
